<?xml version="1.0" encoding="UTF-8"?>
<testsuite name="com.greglturnquist.learningspringboot.QueryTests" tests="4" skipped="0" failures="0" errors="0" timestamp="2021-10-28T12:06:43" hostname="DESKTOP-HOJ5DST" time="0.136">
  <properties/>
  <testcase name="testSingleWithTemplate" classname="com.greglturnquist.learningspringboot.QueryTests" time="0.066"/>
  <testcase name="testMultipleWithTemplate" classname="com.greglturnquist.learningspringboot.QueryTests" time="0.024"/>
  <testcase name="testMultiple" classname="com.greglturnquist.learningspringboot.QueryTests" time="0.023"/>
  <testcase name="testSingle" classname="com.greglturnquist.learningspringboot.QueryTests" time="0.021"/>
  <system-out><![CDATA[2021-10-28 14:06:43.236  INFO 13004 --- [    Test worker] .b.t.c.SpringBootTestContextBootstrapper : Neither @ContextConfiguration nor @ContextHierarchy found for test class [com.greglturnquist.learningspringboot.QueryTests], using SpringBootContextLoader
2021-10-28 14:06:43.238  INFO 13004 --- [    Test worker] o.s.t.c.support.AbstractContextLoader    : Could not detect default resource locations for test class [com.greglturnquist.learningspringboot.QueryTests]: no resource found for suffixes {-context.xml, Context.groovy}.
2021-10-28 14:06:43.243  INFO 13004 --- [    Test worker] .b.t.c.SpringBootTestContextBootstrapper : Loaded default TestExecutionListener class names from location [META-INF/spring.factories]: [org.springframework.boot.test.autoconfigure.restdocs.RestDocsTestExecutionListener, org.springframework.boot.test.autoconfigure.web.client.MockRestServiceServerResetTestExecutionListener, org.springframework.boot.test.autoconfigure.web.servlet.MockMvcPrintOnlyOnFailureTestExecutionListener, org.springframework.boot.test.autoconfigure.web.servlet.WebDriverTestExecutionListener, org.springframework.boot.test.mock.mockito.MockitoTestExecutionListener, org.springframework.boot.test.mock.mockito.ResetMocksTestExecutionListener, org.springframework.test.context.web.ServletTestExecutionListener, org.springframework.test.context.support.DirtiesContextBeforeModesTestExecutionListener, org.springframework.test.context.support.DependencyInjectionTestExecutionListener, org.springframework.test.context.support.DirtiesContextTestExecutionListener, org.springframework.test.context.transaction.TransactionalTestExecutionListener, org.springframework.test.context.jdbc.SqlScriptsTestExecutionListener]
2021-10-28 14:06:43.244  INFO 13004 --- [    Test worker] .b.t.c.SpringBootTestContextBootstrapper : Could not instantiate TestExecutionListener [org.springframework.test.context.web.ServletTestExecutionListener]. Specify custom listener classes or make the default listener classes (and their required dependencies) available. Offending class: [javax/servlet/ServletContext]
2021-10-28 14:06:43.244  INFO 13004 --- [    Test worker] .b.t.c.SpringBootTestContextBootstrapper : Using TestExecutionListeners: [org.springframework.test.context.support.DirtiesContextBeforeModesTestExecutionListener@652a12c5, org.springframework.boot.test.autoconfigure.SpringBootDependencyInjectionTestExecutionListener@ecbb730, org.springframework.test.context.support.DirtiesContextTestExecutionListener@2c677ab2, org.springframework.test.context.transaction.TransactionalTestExecutionListener@32ffb59b, org.springframework.test.context.jdbc.SqlScriptsTestExecutionListener@7f6353b, org.springframework.boot.test.autoconfigure.web.servlet.WebDriverTestExecutionListener@54d760c2, org.springframework.boot.test.autoconfigure.restdocs.RestDocsTestExecutionListener@43722200, org.springframework.boot.test.autoconfigure.web.client.MockRestServiceServerResetTestExecutionListener@cee0498, org.springframework.boot.test.autoconfigure.web.servlet.MockMvcPrintOnlyOnFailureTestExecutionListener@3a87b7d3, org.springframework.boot.test.mock.mockito.MockitoTestExecutionListener@55391131, org.springframework.boot.test.mock.mockito.ResetMocksTestExecutionListener@7095bb4]

  .   ____          _            __ _ _
 /\\ / ___'_ __ _ _(_)_ __  __ _ \ \ \ \
( ( )\___ | '_ | '_| | '_ \/ _` | \ \ \ \
 \\/  ___)| |_)| | | | | || (_| |  ) ) ) )
  '  |____| .__|_| |_|_| |_\__, | / / / /
 =========|_|==============|___/=/_/_/_/
 :: Spring Boot ::             (v2.0.0.M5)

2021-10-28 14:06:43.269  INFO 13004 --- [    Test worker] c.g.learningspringboot.QueryTests        : Starting QueryTests on DESKTOP-HOJ5DST with PID 13004 (started by mikel.gl in E:\spring_projects\Learning-Spring-Boot-2.0-Second-Edition-master\Learning-Spring-Boot-2.0-Second-Edition-master\Chapter03\part2)
2021-10-28 14:06:43.269 DEBUG 13004 --- [    Test worker] c.g.learningspringboot.QueryTests        : Running with Spring Boot v2.0.0.M5, Spring v5.0.0.RELEASE
2021-10-28 14:06:43.270  INFO 13004 --- [    Test worker] c.g.learningspringboot.QueryTests        : No active profile set, falling back to default profiles: default
2021-10-28 14:06:43.272  INFO 13004 --- [    Test worker] r.c.GenericReactiveWebApplicationContext : Refreshing org.springframework.boot.web.reactive.context.GenericReactiveWebApplicationContext@179c354e: startup date [Thu Oct 28 14:06:43 CEST 2021]; root of context hierarchy
2021-10-28 14:06:43.330 TRACE 13004 --- [    Test worker] o.s.d.r.c.RepositoryComponentProvider    : Scanning file [E:\spring_projects\Learning-Spring-Boot-2.0-Second-Edition-master\Learning-Spring-Boot-2.0-Second-Edition-master\Chapter03\part2\build\classes\java\test\com\greglturnquist\learningspringboot\Employee.class]
2021-10-28 14:06:43.331 TRACE 13004 --- [    Test worker] o.s.d.r.c.RepositoryComponentProvider    : Ignored because not matching any filter: file [E:\spring_projects\Learning-Spring-Boot-2.0-Second-Edition-master\Learning-Spring-Boot-2.0-Second-Edition-master\Chapter03\part2\build\classes\java\test\com\greglturnquist\learningspringboot\Employee.class]
2021-10-28 14:06:43.331 TRACE 13004 --- [    Test worker] o.s.d.r.c.RepositoryComponentProvider    : Scanning file [E:\spring_projects\Learning-Spring-Boot-2.0-Second-Edition-master\Learning-Spring-Boot-2.0-Second-Edition-master\Chapter03\part2\build\classes\java\test\com\greglturnquist\learningspringboot\EmployeeRepository.class]
2021-10-28 14:06:43.332 DEBUG 13004 --- [    Test worker] o.s.d.r.c.RepositoryComponentProvider    : Identified candidate component class: file [E:\spring_projects\Learning-Spring-Boot-2.0-Second-Edition-master\Learning-Spring-Boot-2.0-Second-Edition-master\Chapter03\part2\build\classes\java\test\com\greglturnquist\learningspringboot\EmployeeRepository.class]
2021-10-28 14:06:43.332 TRACE 13004 --- [    Test worker] o.s.d.r.c.RepositoryComponentProvider    : Scanning file [E:\spring_projects\Learning-Spring-Boot-2.0-Second-Edition-master\Learning-Spring-Boot-2.0-Second-Edition-master\Chapter03\part2\build\classes\java\test\com\greglturnquist\learningspringboot\ImageServiceTests$TestConfig.class]
2021-10-28 14:06:43.332 TRACE 13004 --- [    Test worker] o.s.d.r.c.RepositoryComponentProvider    : Ignored because not matching any filter: file [E:\spring_projects\Learning-Spring-Boot-2.0-Second-Edition-master\Learning-Spring-Boot-2.0-Second-Edition-master\Chapter03\part2\build\classes\java\test\com\greglturnquist\learningspringboot\ImageServiceTests$TestConfig.class]
2021-10-28 14:06:43.332 TRACE 13004 --- [    Test worker] o.s.d.r.c.RepositoryComponentProvider    : Scanning file [E:\spring_projects\Learning-Spring-Boot-2.0-Second-Edition-master\Learning-Spring-Boot-2.0-Second-Edition-master\Chapter03\part2\build\classes\java\test\com\greglturnquist\learningspringboot\ImageServiceTests.class]
2021-10-28 14:06:43.333 TRACE 13004 --- [    Test worker] o.s.d.r.c.RepositoryComponentProvider    : Ignored because not matching any filter: file [E:\spring_projects\Learning-Spring-Boot-2.0-Second-Edition-master\Learning-Spring-Boot-2.0-Second-Edition-master\Chapter03\part2\build\classes\java\test\com\greglturnquist\learningspringboot\ImageServiceTests.class]
2021-10-28 14:06:43.333 TRACE 13004 --- [    Test worker] o.s.d.r.c.RepositoryComponentProvider    : Scanning file [E:\spring_projects\Learning-Spring-Boot-2.0-Second-Edition-master\Learning-Spring-Boot-2.0-Second-Edition-master\Chapter03\part2\build\classes\java\test\com\greglturnquist\learningspringboot\QueryTests$TestConfig.class]
2021-10-28 14:06:43.334 TRACE 13004 --- [    Test worker] o.s.d.r.c.RepositoryComponentProvider    : Ignored because not matching any filter: file [E:\spring_projects\Learning-Spring-Boot-2.0-Second-Edition-master\Learning-Spring-Boot-2.0-Second-Edition-master\Chapter03\part2\build\classes\java\test\com\greglturnquist\learningspringboot\QueryTests$TestConfig.class]
2021-10-28 14:06:43.334 TRACE 13004 --- [    Test worker] o.s.d.r.c.RepositoryComponentProvider    : Scanning file [E:\spring_projects\Learning-Spring-Boot-2.0-Second-Edition-master\Learning-Spring-Boot-2.0-Second-Edition-master\Chapter03\part2\build\classes\java\test\com\greglturnquist\learningspringboot\QueryTests.class]
2021-10-28 14:06:43.335 TRACE 13004 --- [    Test worker] o.s.d.r.c.RepositoryComponentProvider    : Ignored because not matching any filter: file [E:\spring_projects\Learning-Spring-Boot-2.0-Second-Edition-master\Learning-Spring-Boot-2.0-Second-Edition-master\Chapter03\part2\build\classes\java\test\com\greglturnquist\learningspringboot\QueryTests.class]
2021-10-28 14:06:43.335 TRACE 13004 --- [    Test worker] o.s.d.r.c.RepositoryComponentProvider    : Scanning file [E:\spring_projects\Learning-Spring-Boot-2.0-Second-Edition-master\Learning-Spring-Boot-2.0-Second-Edition-master\Chapter03\part2\build\classes\java\main\com\greglturnquist\learningspringboot\ApiController.class]
2021-10-28 14:06:43.337 TRACE 13004 --- [    Test worker] o.s.d.r.c.RepositoryComponentProvider    : Ignored because not matching any filter: file [E:\spring_projects\Learning-Spring-Boot-2.0-Second-Edition-master\Learning-Spring-Boot-2.0-Second-Edition-master\Chapter03\part2\build\classes\java\main\com\greglturnquist\learningspringboot\ApiController.class]
2021-10-28 14:06:43.337 TRACE 13004 --- [    Test worker] o.s.d.r.c.RepositoryComponentProvider    : Scanning file [E:\spring_projects\Learning-Spring-Boot-2.0-Second-Edition-master\Learning-Spring-Boot-2.0-Second-Edition-master\Chapter03\part2\build\classes\java\main\com\greglturnquist\learningspringboot\HomeController.class]
2021-10-28 14:06:43.338 TRACE 13004 --- [    Test worker] o.s.d.r.c.RepositoryComponentProvider    : Ignored because not matching any filter: file [E:\spring_projects\Learning-Spring-Boot-2.0-Second-Edition-master\Learning-Spring-Boot-2.0-Second-Edition-master\Chapter03\part2\build\classes\java\main\com\greglturnquist\learningspringboot\HomeController.class]
2021-10-28 14:06:43.338 TRACE 13004 --- [    Test worker] o.s.d.r.c.RepositoryComponentProvider    : Scanning file [E:\spring_projects\Learning-Spring-Boot-2.0-Second-Edition-master\Learning-Spring-Boot-2.0-Second-Edition-master\Chapter03\part2\build\classes\java\main\com\greglturnquist\learningspringboot\Image.class]
2021-10-28 14:06:43.339 TRACE 13004 --- [    Test worker] o.s.d.r.c.RepositoryComponentProvider    : Ignored because not matching any filter: file [E:\spring_projects\Learning-Spring-Boot-2.0-Second-Edition-master\Learning-Spring-Boot-2.0-Second-Edition-master\Chapter03\part2\build\classes\java\main\com\greglturnquist\learningspringboot\Image.class]
2021-10-28 14:06:43.339 TRACE 13004 --- [    Test worker] o.s.d.r.c.RepositoryComponentProvider    : Scanning file [E:\spring_projects\Learning-Spring-Boot-2.0-Second-Edition-master\Learning-Spring-Boot-2.0-Second-Edition-master\Chapter03\part2\build\classes\java\main\com\greglturnquist\learningspringboot\ImageRepository.class]
2021-10-28 14:06:43.340 DEBUG 13004 --- [    Test worker] o.s.d.r.c.RepositoryComponentProvider    : Identified candidate component class: file [E:\spring_projects\Learning-Spring-Boot-2.0-Second-Edition-master\Learning-Spring-Boot-2.0-Second-Edition-master\Chapter03\part2\build\classes\java\main\com\greglturnquist\learningspringboot\ImageRepository.class]
2021-10-28 14:06:43.340 TRACE 13004 --- [    Test worker] o.s.d.r.c.RepositoryComponentProvider    : Scanning file [E:\spring_projects\Learning-Spring-Boot-2.0-Second-Edition-master\Learning-Spring-Boot-2.0-Second-Edition-master\Chapter03\part2\build\classes\java\main\com\greglturnquist\learningspringboot\ImageService.class]
2021-10-28 14:06:43.340 TRACE 13004 --- [    Test worker] o.s.d.r.c.RepositoryComponentProvider    : Ignored because not matching any filter: file [E:\spring_projects\Learning-Spring-Boot-2.0-Second-Edition-master\Learning-Spring-Boot-2.0-Second-Edition-master\Chapter03\part2\build\classes\java\main\com\greglturnquist\learningspringboot\ImageService.class]
2021-10-28 14:06:43.340 TRACE 13004 --- [    Test worker] o.s.d.r.c.RepositoryComponentProvider    : Scanning file [E:\spring_projects\Learning-Spring-Boot-2.0-Second-Edition-master\Learning-Spring-Boot-2.0-Second-Edition-master\Chapter03\part2\build\classes\java\main\com\greglturnquist\learningspringboot\InitDatabase.class]
2021-10-28 14:06:43.341 TRACE 13004 --- [    Test worker] o.s.d.r.c.RepositoryComponentProvider    : Ignored because not matching any filter: file [E:\spring_projects\Learning-Spring-Boot-2.0-Second-Edition-master\Learning-Spring-Boot-2.0-Second-Edition-master\Chapter03\part2\build\classes\java\main\com\greglturnquist\learningspringboot\InitDatabase.class]
2021-10-28 14:06:43.341 TRACE 13004 --- [    Test worker] o.s.d.r.c.RepositoryComponentProvider    : Scanning file [E:\spring_projects\Learning-Spring-Boot-2.0-Second-Edition-master\Learning-Spring-Boot-2.0-Second-Edition-master\Chapter03\part2\build\classes\java\main\com\greglturnquist\learningspringboot\LearningSpringBootApplication.class]
2021-10-28 14:06:43.342 TRACE 13004 --- [    Test worker] o.s.d.r.c.RepositoryComponentProvider    : Ignored because not matching any filter: file [E:\spring_projects\Learning-Spring-Boot-2.0-Second-Edition-master\Learning-Spring-Boot-2.0-Second-Edition-master\Chapter03\part2\build\classes\java\main\com\greglturnquist\learningspringboot\LearningSpringBootApplication.class]
2021-10-28 14:06:43.344 DEBUG 13004 --- [    Test worker] .s.d.r.c.RepositoryConfigurationDelegate : Spring Data Reactive MongoDB - Registering repository: imageRepository - Interface: com.greglturnquist.learningspringboot.ImageRepository - Factory: org.springframework.data.mongodb.repository.support.ReactiveMongoRepositoryFactoryBean
2021-10-28 14:06:43.349 DEBUG 13004 --- [    Test worker] .s.d.r.c.RepositoryConfigurationDelegate : Spring Data Reactive MongoDB - Registering repository: employeeRepository - Interface: com.greglturnquist.learningspringboot.EmployeeRepository - Factory: org.springframework.data.mongodb.repository.support.ReactiveMongoRepositoryFactoryBean
2021-10-28 14:06:43.409  WARN 13004 --- [    Test worker] o.h.v.m.ParameterMessageInterpolator     : HV000184: ParameterMessageInterpolator has been chosen, EL interpolation will not be supported
2021-10-28 14:06:43.425  INFO 13004 --- [    Test worker] org.mongodb.driver.cluster               : Cluster created with settings {hosts=[localhost:27017], mode=SINGLE, requiredClusterType=UNKNOWN, serverSelectionTimeout='30000 ms', maxWaitQueueSize=500}
2021-10-28 14:06:43.438  INFO 13004 --- [    Test worker] org.mongodb.driver.cluster               : Cluster created with settings {hosts=[localhost:27017], mode=SINGLE, requiredClusterType=UNKNOWN, serverSelectionTimeout='30000 ms', maxWaitQueueSize=500}
2021-10-28 14:06:43.443  INFO 13004 --- [localhost:27017] org.mongodb.driver.connection            : Opened connection [connectionId{localValue:6, serverValue:85}] to localhost:27017
2021-10-28 14:06:43.444  INFO 13004 --- [localhost:27017] org.mongodb.driver.cluster               : Monitor thread successfully connected to server with description ServerDescription{address=localhost:27017, type=STANDALONE, state=CONNECTED, ok=true, version=ServerVersion{versionList=[4, 4, 4]}, minWireVersion=0, maxWireVersion=9, maxDocumentSize=16777216, roundTripTimeNanos=584600}
2021-10-28 14:06:43.453  INFO 13004 --- [localhost:27017] org.mongodb.driver.connection            : Opened connection [connectionId{localValue:5, serverValue:84}] to localhost:27017
2021-10-28 14:06:43.454  INFO 13004 --- [localhost:27017] org.mongodb.driver.cluster               : Monitor thread successfully connected to server with description ServerDescription{address=localhost:27017, type=STANDALONE, state=CONNECTED, ok=true, version=ServerVersion{versionList=[4, 4, 4]}, minWireVersion=0, maxWireVersion=9, maxDocumentSize=16777216, roundTripTimeNanos=916700}
2021-10-28 14:06:43.466 DEBUG 13004 --- [    Test worker] .m.c.i.MongoPersistentEntityIndexCreator : Analyzing class class com.greglturnquist.learningspringboot.Image for index information.
2021-10-28 14:06:43.473 DEBUG 13004 --- [    Test worker] .m.c.i.MongoPersistentEntityIndexCreator : Analyzing class class com.greglturnquist.learningspringboot.Employee for index information.
2021-10-28 14:06:43.475 DEBUG 13004 --- [    Test worker] .m.c.i.MongoPersistentEntityIndexCreator : Analyzing class class com.greglturnquist.learningspringboot.Employee for index information.
2021-10-28 14:06:43.475 DEBUG 13004 --- [    Test worker] .m.c.i.MongoPersistentEntityIndexCreator : Analyzing class class com.greglturnquist.learningspringboot.Image for index information.
2021-10-28 14:06:43.497  INFO 13004 --- [    Test worker] c.g.learningspringboot.QueryTests        : Started QueryTests in 0.25 seconds (JVM running for 4.871)
2021-10-28 14:06:43.504  INFO 13004 --- [    Test worker] org.mongodb.driver.connection            : Opened connection [connectionId{localValue:7, serverValue:86}] to localhost:27017
2021-10-28 14:06:43.509 DEBUG 13004 --- [    Test worker] o.s.data.mongodb.core.MongoTemplate      : Dropped collection [employee]
2021-10-28 14:06:43.511 DEBUG 13004 --- [    Test worker] o.s.data.mongodb.core.MongoTemplate      : Inserting Document containing fields: [_id, firstName, lastName, role, _class] in collection: employee
2021-10-28 14:06:43.523 DEBUG 13004 --- [    Test worker] o.s.data.mongodb.core.MongoTemplate      : Inserting Document containing fields: [_id, firstName, lastName, role, _class] in collection: employee
2021-10-28 14:06:43.541 DEBUG 13004 --- [    Test worker] o.s.d.m.core.ReactiveMongoTemplate       : findOne using query: { "$example" : { "$java" : TypedExample(probe=Employee(id=null, firstName=Bilbo, lastName=null, role=null), matcher=TypedExampleMatcher(nullHandler=IGNORE, defaultStringMatcher=DEFAULT, propertySpecifiers=org.springframework.data.domain.ExampleMatcher$PropertySpecifiers@3b, ignoredPaths=[], defaultIgnoreCase=false, mode=ALL)) } } fields: Document{{}} for class: class com.greglturnquist.learningspringboot.Employee in collection: employee
2021-10-28 14:06:43.552 DEBUG 13004 --- [    Test worker] o.s.d.m.core.ReactiveMongoTemplate       : findOne using query: { "firstName" : "Bilbo", "_class" : { "$in" : ["com.greglturnquist.learningspringboot.Employee"] } } fields: { } in db.collection: test.employee
2021-10-28 14:06:43.558  INFO 13004 --- [      Thread-11] org.mongodb.driver.connection            : Opened connection [connectionId{localValue:8, serverValue:87}] to localhost:27017
2021-10-28 14:06:43.571 DEBUG 13004 --- [    Test worker] o.s.data.mongodb.core.MongoTemplate      : Dropped collection [employee]
2021-10-28 14:06:43.571 DEBUG 13004 --- [    Test worker] o.s.data.mongodb.core.MongoTemplate      : Inserting Document containing fields: [_id, firstName, lastName, role, _class] in collection: employee
2021-10-28 14:06:43.582 DEBUG 13004 --- [    Test worker] o.s.data.mongodb.core.MongoTemplate      : Inserting Document containing fields: [_id, firstName, lastName, role, _class] in collection: employee
2021-10-28 14:06:43.587 DEBUG 13004 --- [    Test worker] o.s.d.m.core.ReactiveMongoTemplate       : find using query: { "lastName" : { "$regex" : "^baggins", "$options" : "i" }, "_class" : { "$in" : ["com.greglturnquist.learningspringboot.Employee"] } } fields: Document{{}} for class: class com.greglturnquist.learningspringboot.Employee in collection: employee
2021-10-28 14:06:43.596 DEBUG 13004 --- [    Test worker] o.s.data.mongodb.core.MongoTemplate      : Dropped collection [employee]
2021-10-28 14:06:43.597 DEBUG 13004 --- [    Test worker] o.s.data.mongodb.core.MongoTemplate      : Inserting Document containing fields: [_id, firstName, lastName, role, _class] in collection: employee
2021-10-28 14:06:43.608 DEBUG 13004 --- [    Test worker] o.s.data.mongodb.core.MongoTemplate      : Inserting Document containing fields: [_id, firstName, lastName, role, _class] in collection: employee
2021-10-28 14:06:43.610 DEBUG 13004 --- [    Test worker] o.s.d.m.core.ReactiveMongoTemplate       : find using query: { "lastName" : { "$regex" : "^baggins", "$options" : "i" }, "_class" : { "$in" : ["com.greglturnquist.learningspringboot.Employee"] } } fields: Document{{}} for class: class com.greglturnquist.learningspringboot.Employee in collection: employee
2021-10-28 14:06:43.619 DEBUG 13004 --- [    Test worker] o.s.data.mongodb.core.MongoTemplate      : Dropped collection [employee]
2021-10-28 14:06:43.619 DEBUG 13004 --- [    Test worker] o.s.data.mongodb.core.MongoTemplate      : Inserting Document containing fields: [_id, firstName, lastName, role, _class] in collection: employee
2021-10-28 14:06:43.628 DEBUG 13004 --- [    Test worker] o.s.data.mongodb.core.MongoTemplate      : Inserting Document containing fields: [_id, firstName, lastName, role, _class] in collection: employee
2021-10-28 14:06:43.630 DEBUG 13004 --- [    Test worker] o.s.d.m.core.ReactiveMongoTemplate       : find using query: { "firstName" : "Bilbo", "_class" : { "$in" : ["com.greglturnquist.learningspringboot.Employee"] } } fields: Document{{}} for class: class com.greglturnquist.learningspringboot.Employee in collection: employee
]]></system-out>
  <system-err><![CDATA[]]></system-err>
</testsuite>
