<?xml version="1.0" encoding="UTF-8"?>
<testsuite name="com.greglturnquist.learningspringboot.QueryTests" tests="4" skipped="0" failures="0" errors="0" timestamp="2021-10-28T12:06:35" hostname="DESKTOP-HOJ5DST" time="0.215">
  <properties/>
  <testcase name="testSingleWithTemplate" classname="com.greglturnquist.learningspringboot.QueryTests" time="0.131"/>
  <testcase name="testMultipleWithTemplate" classname="com.greglturnquist.learningspringboot.QueryTests" time="0.039"/>
  <testcase name="testMultiple" classname="com.greglturnquist.learningspringboot.QueryTests" time="0.021"/>
  <testcase name="testSingle" classname="com.greglturnquist.learningspringboot.QueryTests" time="0.024"/>
  <system-out><![CDATA[2021-10-28 14:06:35.552  INFO 13188 --- [    Test worker] .b.t.c.SpringBootTestContextBootstrapper : Neither @ContextConfiguration nor @ContextHierarchy found for test class [com.greglturnquist.learningspringboot.QueryTests], using SpringBootContextLoader
2021-10-28 14:06:35.553  INFO 13188 --- [    Test worker] o.s.t.c.support.AbstractContextLoader    : Could not detect default resource locations for test class [com.greglturnquist.learningspringboot.QueryTests]: no resource found for suffixes {-context.xml, Context.groovy}.
2021-10-28 14:06:35.558  INFO 13188 --- [    Test worker] .b.t.c.SpringBootTestContextBootstrapper : Loaded default TestExecutionListener class names from location [META-INF/spring.factories]: [org.springframework.boot.test.autoconfigure.restdocs.RestDocsTestExecutionListener, org.springframework.boot.test.autoconfigure.web.client.MockRestServiceServerResetTestExecutionListener, org.springframework.boot.test.autoconfigure.web.servlet.MockMvcPrintOnlyOnFailureTestExecutionListener, org.springframework.boot.test.autoconfigure.web.servlet.WebDriverTestExecutionListener, org.springframework.boot.test.mock.mockito.MockitoTestExecutionListener, org.springframework.boot.test.mock.mockito.ResetMocksTestExecutionListener, org.springframework.test.context.web.ServletTestExecutionListener, org.springframework.test.context.support.DirtiesContextBeforeModesTestExecutionListener, org.springframework.test.context.support.DependencyInjectionTestExecutionListener, org.springframework.test.context.support.DirtiesContextTestExecutionListener, org.springframework.test.context.transaction.TransactionalTestExecutionListener, org.springframework.test.context.jdbc.SqlScriptsTestExecutionListener]
2021-10-28 14:06:35.559  INFO 13188 --- [    Test worker] .b.t.c.SpringBootTestContextBootstrapper : Could not instantiate TestExecutionListener [org.springframework.test.context.web.ServletTestExecutionListener]. Specify custom listener classes or make the default listener classes (and their required dependencies) available. Offending class: [javax/servlet/ServletContext]
2021-10-28 14:06:35.559  INFO 13188 --- [    Test worker] .b.t.c.SpringBootTestContextBootstrapper : Using TestExecutionListeners: [org.springframework.test.context.support.DirtiesContextBeforeModesTestExecutionListener@16afd7df, org.springframework.boot.test.autoconfigure.SpringBootDependencyInjectionTestExecutionListener@2a0922ed, org.springframework.test.context.support.DirtiesContextTestExecutionListener@64b3fb19, org.springframework.test.context.transaction.TransactionalTestExecutionListener@787f6755, org.springframework.test.context.jdbc.SqlScriptsTestExecutionListener@108656aa, org.springframework.boot.test.autoconfigure.web.servlet.MockMvcPrintOnlyOnFailureTestExecutionListener@73fb101d, org.springframework.boot.test.mock.mockito.ResetMocksTestExecutionListener@86b5648, org.springframework.boot.test.autoconfigure.restdocs.RestDocsTestExecutionListener@baddddf, org.springframework.boot.test.autoconfigure.web.client.MockRestServiceServerResetTestExecutionListener@293cf906, org.springframework.boot.test.autoconfigure.web.servlet.WebDriverTestExecutionListener@26c7fc4, org.springframework.boot.test.mock.mockito.MockitoTestExecutionListener@50e7b0d7]

  .   ____          _            __ _ _
 /\\ / ___'_ __ _ _(_)_ __  __ _ \ \ \ \
( ( )\___ | '_ | '_| | '_ \/ _` | \ \ \ \
 \\/  ___)| |_)| | | | | || (_| |  ) ) ) )
  '  |____| .__|_| |_|_| |_\__, | / / / /
 =========|_|==============|___/=/_/_/_/
 :: Spring Boot ::             (v2.0.0.M5)

2021-10-28 14:06:35.582  INFO 13188 --- [    Test worker] c.g.learningspringboot.QueryTests        : Starting QueryTests on DESKTOP-HOJ5DST with PID 13188 (started by mikel.gl in E:\spring_projects\Learning-Spring-Boot-2.0-Second-Edition-master\Learning-Spring-Boot-2.0-Second-Edition-master\Chapter03\part1)
2021-10-28 14:06:35.582 DEBUG 13188 --- [    Test worker] c.g.learningspringboot.QueryTests        : Running with Spring Boot v2.0.0.M5, Spring v5.0.0.RELEASE
2021-10-28 14:06:35.583  INFO 13188 --- [    Test worker] c.g.learningspringboot.QueryTests        : No active profile set, falling back to default profiles: default
2021-10-28 14:06:35.585  INFO 13188 --- [    Test worker] r.c.GenericReactiveWebApplicationContext : Refreshing org.springframework.boot.web.reactive.context.GenericReactiveWebApplicationContext@785ea12b: startup date [Thu Oct 28 14:06:35 CEST 2021]; root of context hierarchy
2021-10-28 14:06:35.646 TRACE 13188 --- [    Test worker] o.s.d.r.c.RepositoryComponentProvider    : Scanning file [E:\spring_projects\Learning-Spring-Boot-2.0-Second-Edition-master\Learning-Spring-Boot-2.0-Second-Edition-master\Chapter03\part1\build\classes\java\test\com\greglturnquist\learningspringboot\Employee.class]
2021-10-28 14:06:35.647 TRACE 13188 --- [    Test worker] o.s.d.r.c.RepositoryComponentProvider    : Ignored because not matching any filter: file [E:\spring_projects\Learning-Spring-Boot-2.0-Second-Edition-master\Learning-Spring-Boot-2.0-Second-Edition-master\Chapter03\part1\build\classes\java\test\com\greglturnquist\learningspringboot\Employee.class]
2021-10-28 14:06:35.647 TRACE 13188 --- [    Test worker] o.s.d.r.c.RepositoryComponentProvider    : Scanning file [E:\spring_projects\Learning-Spring-Boot-2.0-Second-Edition-master\Learning-Spring-Boot-2.0-Second-Edition-master\Chapter03\part1\build\classes\java\test\com\greglturnquist\learningspringboot\EmployeeRepository.class]
2021-10-28 14:06:35.648 DEBUG 13188 --- [    Test worker] o.s.d.r.c.RepositoryComponentProvider    : Identified candidate component class: file [E:\spring_projects\Learning-Spring-Boot-2.0-Second-Edition-master\Learning-Spring-Boot-2.0-Second-Edition-master\Chapter03\part1\build\classes\java\test\com\greglturnquist\learningspringboot\EmployeeRepository.class]
2021-10-28 14:06:35.648 TRACE 13188 --- [    Test worker] o.s.d.r.c.RepositoryComponentProvider    : Scanning file [E:\spring_projects\Learning-Spring-Boot-2.0-Second-Edition-master\Learning-Spring-Boot-2.0-Second-Edition-master\Chapter03\part1\build\classes\java\test\com\greglturnquist\learningspringboot\ImageServiceTests$TestConfig.class]
2021-10-28 14:06:35.649 TRACE 13188 --- [    Test worker] o.s.d.r.c.RepositoryComponentProvider    : Ignored because not matching any filter: file [E:\spring_projects\Learning-Spring-Boot-2.0-Second-Edition-master\Learning-Spring-Boot-2.0-Second-Edition-master\Chapter03\part1\build\classes\java\test\com\greglturnquist\learningspringboot\ImageServiceTests$TestConfig.class]
2021-10-28 14:06:35.649 TRACE 13188 --- [    Test worker] o.s.d.r.c.RepositoryComponentProvider    : Scanning file [E:\spring_projects\Learning-Spring-Boot-2.0-Second-Edition-master\Learning-Spring-Boot-2.0-Second-Edition-master\Chapter03\part1\build\classes\java\test\com\greglturnquist\learningspringboot\ImageServiceTests.class]
2021-10-28 14:06:35.650 TRACE 13188 --- [    Test worker] o.s.d.r.c.RepositoryComponentProvider    : Ignored because not matching any filter: file [E:\spring_projects\Learning-Spring-Boot-2.0-Second-Edition-master\Learning-Spring-Boot-2.0-Second-Edition-master\Chapter03\part1\build\classes\java\test\com\greglturnquist\learningspringboot\ImageServiceTests.class]
2021-10-28 14:06:35.650 TRACE 13188 --- [    Test worker] o.s.d.r.c.RepositoryComponentProvider    : Scanning file [E:\spring_projects\Learning-Spring-Boot-2.0-Second-Edition-master\Learning-Spring-Boot-2.0-Second-Edition-master\Chapter03\part1\build\classes\java\test\com\greglturnquist\learningspringboot\QueryTests$TestConfig.class]
2021-10-28 14:06:35.650 TRACE 13188 --- [    Test worker] o.s.d.r.c.RepositoryComponentProvider    : Ignored because not matching any filter: file [E:\spring_projects\Learning-Spring-Boot-2.0-Second-Edition-master\Learning-Spring-Boot-2.0-Second-Edition-master\Chapter03\part1\build\classes\java\test\com\greglturnquist\learningspringboot\QueryTests$TestConfig.class]
2021-10-28 14:06:35.650 TRACE 13188 --- [    Test worker] o.s.d.r.c.RepositoryComponentProvider    : Scanning file [E:\spring_projects\Learning-Spring-Boot-2.0-Second-Edition-master\Learning-Spring-Boot-2.0-Second-Edition-master\Chapter03\part1\build\classes\java\test\com\greglturnquist\learningspringboot\QueryTests.class]
2021-10-28 14:06:35.651 TRACE 13188 --- [    Test worker] o.s.d.r.c.RepositoryComponentProvider    : Ignored because not matching any filter: file [E:\spring_projects\Learning-Spring-Boot-2.0-Second-Edition-master\Learning-Spring-Boot-2.0-Second-Edition-master\Chapter03\part1\build\classes\java\test\com\greglturnquist\learningspringboot\QueryTests.class]
2021-10-28 14:06:35.651 TRACE 13188 --- [    Test worker] o.s.d.r.c.RepositoryComponentProvider    : Scanning file [E:\spring_projects\Learning-Spring-Boot-2.0-Second-Edition-master\Learning-Spring-Boot-2.0-Second-Edition-master\Chapter03\part1\build\classes\java\main\com\greglturnquist\learningspringboot\ApiController.class]
2021-10-28 14:06:35.653 TRACE 13188 --- [    Test worker] o.s.d.r.c.RepositoryComponentProvider    : Ignored because not matching any filter: file [E:\spring_projects\Learning-Spring-Boot-2.0-Second-Edition-master\Learning-Spring-Boot-2.0-Second-Edition-master\Chapter03\part1\build\classes\java\main\com\greglturnquist\learningspringboot\ApiController.class]
2021-10-28 14:06:35.653 TRACE 13188 --- [    Test worker] o.s.d.r.c.RepositoryComponentProvider    : Scanning file [E:\spring_projects\Learning-Spring-Boot-2.0-Second-Edition-master\Learning-Spring-Boot-2.0-Second-Edition-master\Chapter03\part1\build\classes\java\main\com\greglturnquist\learningspringboot\HomeController.class]
2021-10-28 14:06:35.654 TRACE 13188 --- [    Test worker] o.s.d.r.c.RepositoryComponentProvider    : Ignored because not matching any filter: file [E:\spring_projects\Learning-Spring-Boot-2.0-Second-Edition-master\Learning-Spring-Boot-2.0-Second-Edition-master\Chapter03\part1\build\classes\java\main\com\greglturnquist\learningspringboot\HomeController.class]
2021-10-28 14:06:35.654 TRACE 13188 --- [    Test worker] o.s.d.r.c.RepositoryComponentProvider    : Scanning file [E:\spring_projects\Learning-Spring-Boot-2.0-Second-Edition-master\Learning-Spring-Boot-2.0-Second-Edition-master\Chapter03\part1\build\classes\java\main\com\greglturnquist\learningspringboot\Image.class]
2021-10-28 14:06:35.655 TRACE 13188 --- [    Test worker] o.s.d.r.c.RepositoryComponentProvider    : Ignored because not matching any filter: file [E:\spring_projects\Learning-Spring-Boot-2.0-Second-Edition-master\Learning-Spring-Boot-2.0-Second-Edition-master\Chapter03\part1\build\classes\java\main\com\greglturnquist\learningspringboot\Image.class]
2021-10-28 14:06:35.655 TRACE 13188 --- [    Test worker] o.s.d.r.c.RepositoryComponentProvider    : Scanning file [E:\spring_projects\Learning-Spring-Boot-2.0-Second-Edition-master\Learning-Spring-Boot-2.0-Second-Edition-master\Chapter03\part1\build\classes\java\main\com\greglturnquist\learningspringboot\ImageRepository.class]
2021-10-28 14:06:35.655 DEBUG 13188 --- [    Test worker] o.s.d.r.c.RepositoryComponentProvider    : Identified candidate component class: file [E:\spring_projects\Learning-Spring-Boot-2.0-Second-Edition-master\Learning-Spring-Boot-2.0-Second-Edition-master\Chapter03\part1\build\classes\java\main\com\greglturnquist\learningspringboot\ImageRepository.class]
2021-10-28 14:06:35.656 TRACE 13188 --- [    Test worker] o.s.d.r.c.RepositoryComponentProvider    : Scanning file [E:\spring_projects\Learning-Spring-Boot-2.0-Second-Edition-master\Learning-Spring-Boot-2.0-Second-Edition-master\Chapter03\part1\build\classes\java\main\com\greglturnquist\learningspringboot\ImageService.class]
2021-10-28 14:06:35.656 TRACE 13188 --- [    Test worker] o.s.d.r.c.RepositoryComponentProvider    : Ignored because not matching any filter: file [E:\spring_projects\Learning-Spring-Boot-2.0-Second-Edition-master\Learning-Spring-Boot-2.0-Second-Edition-master\Chapter03\part1\build\classes\java\main\com\greglturnquist\learningspringboot\ImageService.class]
2021-10-28 14:06:35.656 TRACE 13188 --- [    Test worker] o.s.d.r.c.RepositoryComponentProvider    : Scanning file [E:\spring_projects\Learning-Spring-Boot-2.0-Second-Edition-master\Learning-Spring-Boot-2.0-Second-Edition-master\Chapter03\part1\build\classes\java\main\com\greglturnquist\learningspringboot\InitDatabase.class]
2021-10-28 14:06:35.657 TRACE 13188 --- [    Test worker] o.s.d.r.c.RepositoryComponentProvider    : Ignored because not matching any filter: file [E:\spring_projects\Learning-Spring-Boot-2.0-Second-Edition-master\Learning-Spring-Boot-2.0-Second-Edition-master\Chapter03\part1\build\classes\java\main\com\greglturnquist\learningspringboot\InitDatabase.class]
2021-10-28 14:06:35.657 TRACE 13188 --- [    Test worker] o.s.d.r.c.RepositoryComponentProvider    : Scanning file [E:\spring_projects\Learning-Spring-Boot-2.0-Second-Edition-master\Learning-Spring-Boot-2.0-Second-Edition-master\Chapter03\part1\build\classes\java\main\com\greglturnquist\learningspringboot\LearningSpringBootApplication.class]
2021-10-28 14:06:35.658 TRACE 13188 --- [    Test worker] o.s.d.r.c.RepositoryComponentProvider    : Ignored because not matching any filter: file [E:\spring_projects\Learning-Spring-Boot-2.0-Second-Edition-master\Learning-Spring-Boot-2.0-Second-Edition-master\Chapter03\part1\build\classes\java\main\com\greglturnquist\learningspringboot\LearningSpringBootApplication.class]
2021-10-28 14:06:35.663 DEBUG 13188 --- [    Test worker] .s.d.r.c.RepositoryConfigurationDelegate : Spring Data Reactive MongoDB - Registering repository: employeeRepository - Interface: com.greglturnquist.learningspringboot.EmployeeRepository - Factory: org.springframework.data.mongodb.repository.support.ReactiveMongoRepositoryFactoryBean
2021-10-28 14:06:35.666 DEBUG 13188 --- [    Test worker] .s.d.r.c.RepositoryConfigurationDelegate : Spring Data Reactive MongoDB - Registering repository: imageRepository - Interface: com.greglturnquist.learningspringboot.ImageRepository - Factory: org.springframework.data.mongodb.repository.support.ReactiveMongoRepositoryFactoryBean
2021-10-28 14:06:35.725  WARN 13188 --- [    Test worker] o.h.v.m.ParameterMessageInterpolator     : HV000184: ParameterMessageInterpolator has been chosen, EL interpolation will not be supported
2021-10-28 14:06:35.740  INFO 13188 --- [    Test worker] org.mongodb.driver.cluster               : Cluster created with settings {hosts=[localhost:27017], mode=SINGLE, requiredClusterType=UNKNOWN, serverSelectionTimeout='30000 ms', maxWaitQueueSize=500}
2021-10-28 14:06:35.746  INFO 13188 --- [localhost:27017] org.mongodb.driver.connection            : Opened connection [connectionId{localValue:5, serverValue:76}] to localhost:27017
2021-10-28 14:06:35.747  INFO 13188 --- [localhost:27017] org.mongodb.driver.cluster               : Monitor thread successfully connected to server with description ServerDescription{address=localhost:27017, type=STANDALONE, state=CONNECTED, ok=true, version=ServerVersion{versionList=[4, 4, 4]}, minWireVersion=0, maxWireVersion=9, maxDocumentSize=16777216, roundTripTimeNanos=851200}
2021-10-28 14:06:35.755  INFO 13188 --- [    Test worker] org.mongodb.driver.cluster               : Cluster created with settings {hosts=[localhost:27017], mode=SINGLE, requiredClusterType=UNKNOWN, serverSelectionTimeout='30000 ms', maxWaitQueueSize=500}
2021-10-28 14:06:35.761  INFO 13188 --- [localhost:27017] org.mongodb.driver.connection            : Opened connection [connectionId{localValue:6, serverValue:77}] to localhost:27017
2021-10-28 14:06:35.762  INFO 13188 --- [localhost:27017] org.mongodb.driver.cluster               : Monitor thread successfully connected to server with description ServerDescription{address=localhost:27017, type=STANDALONE, state=CONNECTED, ok=true, version=ServerVersion{versionList=[4, 4, 4]}, minWireVersion=0, maxWireVersion=9, maxDocumentSize=16777216, roundTripTimeNanos=651900}
2021-10-28 14:06:35.781 DEBUG 13188 --- [    Test worker] .m.c.i.MongoPersistentEntityIndexCreator : Analyzing class class com.greglturnquist.learningspringboot.Employee for index information.
2021-10-28 14:06:35.786 DEBUG 13188 --- [    Test worker] .m.c.i.MongoPersistentEntityIndexCreator : Analyzing class class com.greglturnquist.learningspringboot.Image for index information.
2021-10-28 14:06:35.789 DEBUG 13188 --- [    Test worker] .m.c.i.MongoPersistentEntityIndexCreator : Analyzing class class com.greglturnquist.learningspringboot.Employee for index information.
2021-10-28 14:06:35.789 DEBUG 13188 --- [    Test worker] .m.c.i.MongoPersistentEntityIndexCreator : Analyzing class class com.greglturnquist.learningspringboot.Image for index information.
2021-10-28 14:06:35.815  INFO 13188 --- [    Test worker] c.g.learningspringboot.QueryTests        : Started QueryTests in 0.254 seconds (JVM running for 4.392)
2021-10-28 14:06:35.824  INFO 13188 --- [    Test worker] org.mongodb.driver.connection            : Opened connection [connectionId{localValue:7, serverValue:78}] to localhost:27017
2021-10-28 14:06:35.851 DEBUG 13188 --- [    Test worker] o.s.data.mongodb.core.MongoTemplate      : Dropped collection [employee]
2021-10-28 14:06:35.854 DEBUG 13188 --- [    Test worker] o.s.data.mongodb.core.MongoTemplate      : Inserting Document containing fields: [_id, firstName, lastName, role, _class] in collection: employee
2021-10-28 14:06:35.869 DEBUG 13188 --- [    Test worker] o.s.data.mongodb.core.MongoTemplate      : Inserting Document containing fields: [_id, firstName, lastName, role, _class] in collection: employee
2021-10-28 14:06:35.889 DEBUG 13188 --- [    Test worker] o.s.d.m.core.ReactiveMongoTemplate       : findOne using query: { "$example" : { "$java" : TypedExample(probe=Employee(id=null, firstName=Bilbo, lastName=null, role=null), matcher=TypedExampleMatcher(nullHandler=IGNORE, defaultStringMatcher=DEFAULT, propertySpecifiers=org.springframework.data.domain.ExampleMatcher$PropertySpecifiers@3b, ignoredPaths=[], defaultIgnoreCase=false, mode=ALL)) } } fields: Document{{}} for class: class com.greglturnquist.learningspringboot.Employee in collection: employee
2021-10-28 14:06:35.900 DEBUG 13188 --- [    Test worker] o.s.d.m.core.ReactiveMongoTemplate       : findOne using query: { "firstName" : "Bilbo", "_class" : { "$in" : ["com.greglturnquist.learningspringboot.Employee"] } } fields: { } in db.collection: test.employee
2021-10-28 14:06:35.905  INFO 13188 --- [      Thread-11] org.mongodb.driver.connection            : Opened connection [connectionId{localValue:8, serverValue:79}] to localhost:27017
2021-10-28 14:06:35.953 DEBUG 13188 --- [    Test worker] o.s.data.mongodb.core.MongoTemplate      : Dropped collection [employee]
2021-10-28 14:06:35.955 DEBUG 13188 --- [    Test worker] o.s.data.mongodb.core.MongoTemplate      : Inserting Document containing fields: [_id, firstName, lastName, role, _class] in collection: employee
2021-10-28 14:06:35.965 DEBUG 13188 --- [    Test worker] o.s.data.mongodb.core.MongoTemplate      : Inserting Document containing fields: [_id, firstName, lastName, role, _class] in collection: employee
2021-10-28 14:06:35.969 DEBUG 13188 --- [    Test worker] o.s.d.m.core.ReactiveMongoTemplate       : find using query: { "lastName" : { "$regex" : "^baggins", "$options" : "i" }, "_class" : { "$in" : ["com.greglturnquist.learningspringboot.Employee"] } } fields: Document{{}} for class: class com.greglturnquist.learningspringboot.Employee in collection: employee
2021-10-28 14:06:35.992 DEBUG 13188 --- [    Test worker] o.s.data.mongodb.core.MongoTemplate      : Dropped collection [employee]
2021-10-28 14:06:35.992 DEBUG 13188 --- [    Test worker] o.s.data.mongodb.core.MongoTemplate      : Inserting Document containing fields: [_id, firstName, lastName, role, _class] in collection: employee
2021-10-28 14:06:36.003 DEBUG 13188 --- [    Test worker] o.s.data.mongodb.core.MongoTemplate      : Inserting Document containing fields: [_id, firstName, lastName, role, _class] in collection: employee
2021-10-28 14:06:36.004 DEBUG 13188 --- [    Test worker] o.s.d.m.core.ReactiveMongoTemplate       : find using query: { "lastName" : { "$regex" : "^baggins", "$options" : "i" }, "_class" : { "$in" : ["com.greglturnquist.learningspringboot.Employee"] } } fields: Document{{}} for class: class com.greglturnquist.learningspringboot.Employee in collection: employee
2021-10-28 14:06:36.013 DEBUG 13188 --- [    Test worker] o.s.data.mongodb.core.MongoTemplate      : Dropped collection [employee]
2021-10-28 14:06:36.013 DEBUG 13188 --- [    Test worker] o.s.data.mongodb.core.MongoTemplate      : Inserting Document containing fields: [_id, firstName, lastName, role, _class] in collection: employee
2021-10-28 14:06:36.022 DEBUG 13188 --- [    Test worker] o.s.data.mongodb.core.MongoTemplate      : Inserting Document containing fields: [_id, firstName, lastName, role, _class] in collection: employee
2021-10-28 14:06:36.024 DEBUG 13188 --- [    Test worker] o.s.d.m.core.ReactiveMongoTemplate       : find using query: { "firstName" : "Bilbo", "_class" : { "$in" : ["com.greglturnquist.learningspringboot.Employee"] } } fields: Document{{}} for class: class com.greglturnquist.learningspringboot.Employee in collection: employee
]]></system-out>
  <system-err><![CDATA[]]></system-err>
</testsuite>
